<?xml version="1.0" encoding="utf-8"?>
<ead xmlns="urn:isbn:1-931666-22-9" xmlns:xlink="http://www.w3.org/1999/xlink"
     xmlns:xsi="http://www.w3.org/2001/XMLSchema-instance"
     xsi:schemaLocation="urn:isbn:1-931666-22-9 http://www.loc.gov/ead/ead.xsd">
  <eadheader>
    <eadid>umich-nested-paths-test</eadid>
    <filedesc>
      <titlestmt>
        <titleproper>Nested paths for testing</titleproper>
      </titlestmt>
    </filedesc>
  </eadheader>
  <archdesc level="collection">
    <did>
      <unittitle>Nested paths for testing</unittitle>
    </did>
    <descgrp>
      <bibliography>
        <head>descgrp-bibliography-head-text</head>
        <list>
          <head>descgrp-bibliography-list-head-text</head>
          <item>
            <title>descgrp-bibliography-list-item-title-text</title>
            descgrp-bibliography-list-item-text
          </item>
        </list>
        <p>
          <title>descgrp-bibliography-p-title-text</title>
          descgrp-bibliography-p-text
          <emph>
            descgrp-bibliography-p-emph-text
          </emph>
          <list>
            <head>descgrp-bibliography-p-list-head-text</head>
            <item>descgrp-bibliography-p-list-item-text</item>
            <item>
              <title>descgrp-bibliography-p-list-item-title-text</title>
              <list>
                <item>descgrp-bibliography-p-list-item-list-item-text</item>
              </list>
            </item>
          </list>
          <note>
            <p>descgrp-bibliography-p-note-p-text</p>
          </note>
        </p>
      </bibliography>
      <chronlist>
        <head>descgrp-chronlist-head-text</head>
        <chronitem>
          <date>descgrp-chronlist-chronitem-date-text</date>
          <event>
            <title>descgrp-chronlist-chronitem-event-title-text</title>
            descgrp-chronlist-chronitem-event-text
          </event>
        </chronitem>
      </chronlist>
      <index>
        <head>descgrp-index-head-text
          <emph>descgrp-index-head-emph-text
            <emph>
              descgrp-index-head-emph-emph-text
              <emph>descgrp-index-head-emph-emph-emph-text
              </emph>
            </emph>
          </emph>
        </head>
        <index>
          <head>descgrp-index-index-head-text</head>
          <indexentry>
            <corpname>descgrp-index-index-indexentry-corpname-text</corpname>
          </indexentry>
          <indexentry>
            <persname>descgrp-index-index-indexentry-persname-text</persname>
            <ref>descgrp-index-index-indexentry-ref-text
              <list>
                <item>descgrp-index-index-indexentry-ref-list-item-text</item>
              </list>
            </ref>
          </indexentry>
        </index>
      </index>
      <index>
        <p>descgrp-index-p-text</p>
        <indexentry>
          <corpname>descgrp-index-indexentry-corpname-text</corpname>
        </indexentry>
        <indexentry>
          <famname>descgrp-index-indexentry-famname-text</famname>
        </indexentry>
        <indexentry>
          <genreform>descgrp-index-indexentry-genreform-text</genreform>
        </indexentry>
        <indexentry>
          <geogname>descgrp-index-indexentry-geogname-text</geogname>
        </indexentry>
        <indexentry>
          <occupation>descgrp-index-indexentry-occupation-text</occupation>
        </indexentry>
        <indexentry>
          <persname>descgrp-index-indexentry-persname-text</persname>
          <ref>descgrp-index-indexentry-ref-text
            <list>
              <item>descgrp-index-indexentry-ref-list-item-text</item>
            </list>
            <note>
              <p>descgrp-index-indexentry-ref-note-p-text</p>
            </note>
          </ref>
        </indexentry>
        <indexentry>
          <subject>descgrp-index-indexentry-subject-text</subject>
        </indexentry>
        <indexentry>
          <title>descgrp-index-indexentry-title-text</title>
        </indexentry>
      </index>
      <list>
        <head>descgrp-list-head-text
          <emph>descgrp-list-head-emph-text</emph>
        </head>
        <item>descgrp-list-item-text
          <blockquote>
            <p>descgrp-list-item-blockquote-p-text
              <emph>
                descgrp-list-item-blockquote-p-emph-text
              </emph>
            </p>
          </blockquote>
          <emph>descgrp-list-item-emph-text</emph>
          <geogname>descgrp-list-item-geogname-text</geogname>
          <list>
            <head>descgrp-list-item-list-head-text</head>
            <item>descgrp-list-item-list-item-text
              <emph>descgrp-list-item-list-item-emph-text</emph>
              <list>
                <item>
                  <list>
                    <head>descgrp-list-item-list-item-list-head-text</head>
                    <item>
                      <list>
                        <item>
                          <list>
                            <item>
                              <list>
                                <item>
                                  <list>
                                    <item>
                                      descgrp-list-item-list-item-list-item-list-item-list-item-list-item-list-item-text
                                    </item>
                                  </list>
                                </item>
                              </list>
                            </item>
                          </list>
                        </item>
                      </list>
                    </item>
                  </list>
                  <persname>descgrp-list-item-list-item-list-item-persname-text</persname>
                </item>
              </list>
              <persname>descgrp-list-item-list-item-persname-text</persname>
            </item>
          </list>
          <note>
            <p>descgrp-list-item-note-p-text
              <emph>descgrp-list-item-note-p-emph-text</emph>
            </p>
          </note>
        </item>
      </list>
      <odd>
        <head>descgrp-odd-head-text</head>
        <chronlist>
          <chronitem>
            <date>descgrp-odd-chronlist-chronitem-date-text</date>
            <eventgrp>
              <event>descgrp-odd-chronlist-chronitem-eventgrp-event-text</event>
            </eventgrp>
          </chronitem>
        </chronlist>
        <list>
          <item>
            <archref>
              <unittitle>
                <geogname>descgrp-odd-list-item-archref-unittitle-geogname-text</geogname>
              </unittitle>
              <physdesc>
                <dimensions>descgrp-odd-list-item-archref-physdesc-dimensions-text</dimensions>
              </physdesc>
            </archref>
          </item>
        </list>
        <p>descgrp-odd-p-text</p>
      </odd>
      <p>descgrp-p-text</p>
      <relatedmaterial>
        <head>descgrp-relatedmaterial-head-text</head>
        <p>descgrp-relatedmaterial-p-text
          <extref>descgrp-relatedmaterial-p-extref-text</extref>
          <archref>
            <unittitle>descgrp-relatedmaterial-p-archref-unittitle-text</unittitle>
            <origination>
              <persname>descgrp-relatedmaterial-p-archref-origination-persname-text</persname>
            </origination>
          </archref>
          <bibref>descgrp-relatedmaterial-p-bibref-text
            <imprint>
              <date>descgrp-relatedmaterial-p-bibref-imprint-date-text</date>
            </imprint>
          </bibref>
          <list>
            <item>descgrp-relatedmaterial-p-list-item-text</item>
          </list>
        </p>
      </relatedmaterial>
      <separatedmaterial>
        <head>descgrp-separatedmaterial-head-text</head>
        <list>
          <item>descgrp-separatedmaterial-list-item-text</item>
        </list>
        <note>
          <p>descgrp-separatedmaterial-note-p-text</p>
        </note>
        <p>descgrp-separatedmaterial-p-text</p>
      </separatedmaterial>
    </descgrp>
  </archdesc>
</ead>
